<?xml version="1.0" encoding="UTF-8"?>
<Site BuildName="Linux-c++"
	BuildStamp="20241117-0105-Experimental"
	Name="mk-mintos"
	Generator="ctest-3.22.1"
	CompilerName="/usr/bin/c++"
	CompilerVersion="11.4.0"
	OSName="Linux"
	Hostname="mk-mintos"
	OSRelease="6.8.0-48-generic"
	OSVersion="#48~22.04.1-Ubuntu SMP PREEMPT_DYNAMIC Mon Oct  7 11:24:13 UTC 2"
	OSPlatform="x86_64"
	Is64Bits="1"
	VendorString="AuthenticAMD"
	VendorID="Advanced Micro Devices"
	FamilyID="25"
	ModelID="33"
	ProcessorCacheSize="512"
	NumberOfLogicalCPU="12"
	NumberOfPhysicalCPU="6"
	TotalVirtualMemory="2047"
	TotalPhysicalMemory="15895"
	LogicalProcessorsPerPhysical="2"
	ProcessorClockFrequency="3713.3"
	>
	<Testing>
		<StartDateTime>Nov 17 12:05 AEDT</StartDateTime>
		<StartTestTime>1731805556</StartTestTime>
		<TestList/>
		<EndDateTime>Nov 17 12:05 AEDT</EndDateTime>
		<EndTestTime>1731805556</EndTestTime>
		<ElapsedMinutes>0</ElapsedMinutes>
	</Testing>
</Site>
