<?xml version="1.0" encoding="UTF-8"?>
<Site BuildName="Linux-c++"
	BuildStamp="20241115-0411-Experimental"
	Name="mk-mintos"
	Generator="ctest-3.22.1"
	CompilerName="/usr/bin/c++"
	CompilerVersion="11.4.0"
	OSName="Linux"
	Hostname="mk-mintos"
	OSRelease="6.8.0-47-generic"
	OSVersion="#47~22.04.1-Ubuntu SMP PREEMPT_DYNAMIC Wed Oct  2 16:16:55 UTC 2"
	OSPlatform="x86_64"
	Is64Bits="1"
	VendorString="AuthenticAMD"
	VendorID="Advanced Micro Devices"
	FamilyID="25"
	ModelID="33"
	ProcessorCacheSize="512"
	NumberOfLogicalCPU="12"
	NumberOfPhysicalCPU="6"
	TotalVirtualMemory="2047"
	TotalPhysicalMemory="15895"
	LogicalProcessorsPerPhysical="2"
	ProcessorClockFrequency="3716.83"
	>
	<Testing>
		<StartDateTime>Nov 15 16:35 AEDT</StartDateTime>
		<StartTestTime>1731648904</StartTestTime>
		<TestList/>
		<EndDateTime>Nov 15 16:35 AEDT</EndDateTime>
		<EndTestTime>1731648904</EndTestTime>
		<ElapsedMinutes>0</ElapsedMinutes>
	</Testing>
</Site>
